2025-11-24 19:32:38.356 [main] INFO  com.xuan.TliasWebManagementApplication-Starting TliasWebManagementApplication using Java 21.0.8 with PID 16564 (D:\WebAICode\web-ai-project04\tlias-web-management\target\classes started by xuan in D:\WebAICode\web-ai-project04)
2025-11-24 19:32:38.358 [main] INFO  com.xuan.TliasWebManagementApplication-No active profile set, falling back to 1 default profile: "default"
2025-11-24 19:32:39.652 [main] INFO  o.s.boot.web.embedded.tomcat.TomcatWebServer-Tomcat initialized with port 8080 (http)
2025-11-24 19:32:39.660 [main] INFO  org.apache.coyote.http11.Http11NioProtocol-Initializing ProtocolHandler ["http-nio-8080"]
2025-11-24 19:32:39.662 [main] INFO  org.apache.catalina.core.StandardService-Starting service [Tomcat]
2025-11-24 19:32:39.663 [main] INFO  org.apache.catalina.core.StandardEngine-Starting Servlet engine: [Apache Tomcat/10.1.30]
2025-11-24 19:32:39.704 [main] INFO  o.a.c.core.ContainerBase.[Tomcat].[localhost].[/]-Initializing Spring embedded WebApplicationContext
2025-11-24 19:32:39.704 [main] INFO  o.s.b.w.s.c.ServletWebServerApplicationContext-Root WebApplicationContext: initialization completed in 1298 ms
2025-11-24 19:32:40.710 [main] INFO  org.apache.coyote.http11.Http11NioProtocol-Starting ProtocolHandler ["http-nio-8080"]
2025-11-24 19:32:40.722 [main] INFO  o.s.boot.web.embedded.tomcat.TomcatWebServer-Tomcat started on port 8080 (http) with context path ''
2025-11-24 19:32:40.727 [main] INFO  com.xuan.TliasWebManagementApplication-Started TliasWebManagementApplication in 2.8 seconds (process running for 3.765)
2025-11-24 19:32:58.083 [http-nio-8080-exec-2] INFO  o.a.c.core.ContainerBase.[Tomcat].[localhost].[/]-Initializing Spring DispatcherServlet 'dispatcherServlet'
2025-11-24 19:32:58.083 [http-nio-8080-exec-2] INFO  org.springframework.web.servlet.DispatcherServlet-Initializing Servlet 'dispatcherServlet'
2025-11-24 19:32:58.085 [http-nio-8080-exec-2] INFO  org.springframework.web.servlet.DispatcherServlet-Completed initialization in 2 ms
2025-11-24 19:32:58.169 [http-nio-8080-exec-8] INFO  com.xuan.interceptor.TokenInterceptor-token验证错误，返回401状态码
2025-11-24 19:32:58.169 [http-nio-8080-exec-2] INFO  com.xuan.interceptor.TokenInterceptor-token验证错误，返回401状态码
2025-11-24 19:33:07.755 [http-nio-8080-exec-3] INFO  com.xuan.controller.LoginController-登录:Emp(id=null, username=lingchong, password=123456, name=null, gender=null, phone=null, job=null, salary=null, image=null, entryDate=null, deptId=null, createTime=null, updateTime=null, deptName=null, exprList=null)
2025-11-24 19:33:07.792 [http-nio-8080-exec-3] INFO  com.zaxxer.hikari.HikariDataSource-HikariPool-1 - Starting...
2025-11-24 19:33:08.142 [http-nio-8080-exec-3] INFO  com.zaxxer.hikari.pool.HikariPool-HikariPool-1 - Added connection com.mysql.cj.jdbc.ConnectionImpl@120607b0
2025-11-24 19:33:08.142 [http-nio-8080-exec-3] INFO  com.zaxxer.hikari.HikariDataSource-HikariPool-1 - Start completed.
2025-11-24 19:33:08.206 [http-nio-8080-exec-3] INFO  com.xuan.aop.LoginLogAspect-登录操作参数:[Emp(id=null, username=lingchong, password=123456, name=null, gender=null, phone=null, job=null, salary=null, image=null, entryDate=null, deptId=null, createTime=null, updateTime=null, deptName=null, exprList=null)]
2025-11-24 19:34:58.846 [http-nio-8080-exec-4] INFO  com.xuan.controller.LoginController-登录:Emp(id=null, username=songjiang, password=123456, name=null, gender=null, phone=null, job=null, salary=null, image=null, entryDate=null, deptId=null, createTime=null, updateTime=null, deptName=null, exprList=null)
2025-11-24 19:34:58.855 [http-nio-8080-exec-4] INFO  com.xuan.service.impl.EmpServiceImpl-登录成功,员工信息:Emp(id=2, username=songjiang, password=123456, name=宋江, gender=null, phone=null, job=null, salary=null, image=null, entryDate=null, deptId=null, createTime=null, updateTime=null, deptName=null, exprList=null)
2025-11-24 19:34:58.876 [http-nio-8080-exec-4] INFO  com.xuan.aop.LoginLogAspect-登录操作参数:[Emp(id=null, username=songjiang, password=123456, name=null, gender=null, phone=null, job=null, salary=null, image=null, entryDate=null, deptId=null, createTime=null, updateTime=null, deptName=null, exprList=null)]
2025-11-24 19:35:00.862 [http-nio-8080-exec-5] INFO  com.xuan.interceptor.TokenInterceptor-token验证成功，将用户信息保存到ThreadLocal中
2025-11-24 19:35:00.862 [http-nio-8080-exec-6] INFO  com.xuan.interceptor.TokenInterceptor-token验证成功，将用户信息保存到ThreadLocal中
2025-11-24 19:35:00.877 [http-nio-8080-exec-6] INFO  com.xuan.controller.ClazzController-查询请求参数：ClazzQueryParam(page=1, pageSize=10, name=, masterId=null, beginDate=null, endDate=null)
2025-11-24 19:35:00.877 [http-nio-8080-exec-5] ERROR com.xuan.Exception.GlobalExceptionHandler-程序出错了~
org.springframework.web.method.annotation.MethodArgumentTypeMismatchException: Failed to convert value of type 'java.lang.String' to required type 'java.lang.Integer'; For input string: "list"
	at org.springframework.web.method.annotation.AbstractNamedValueMethodArgumentResolver.convertIfNecessary(AbstractNamedValueMethodArgumentResolver.java:302)
	at org.springframework.web.method.annotation.AbstractNamedValueMethodArgumentResolver.resolveArgument(AbstractNamedValueMethodArgumentResolver.java:137)
	at org.springframework.web.method.support.HandlerMethodArgumentResolverComposite.resolveArgument(HandlerMethodArgumentResolverComposite.java:122)
	at org.springframework.web.method.support.InvocableHandlerMethod.getMethodArgumentValues(InvocableHandlerMethod.java:224)
	at org.springframework.web.method.support.InvocableHandlerMethod.invokeForRequest(InvocableHandlerMethod.java:178)
	at org.springframework.web.servlet.mvc.method.annotation.ServletInvocableHandlerMethod.invokeAndHandle(ServletInvocableHandlerMethod.java:118)
	at org.springframework.web.servlet.mvc.method.annotation.RequestMappingHandlerAdapter.invokeHandlerMethod(RequestMappingHandlerAdapter.java:926)
	at org.springframework.web.servlet.mvc.method.annotation.RequestMappingHandlerAdapter.handleInternal(RequestMappingHandlerAdapter.java:831)
	at org.springframework.web.servlet.mvc.method.AbstractHandlerMethodAdapter.handle(AbstractHandlerMethodAdapter.java:87)
	at org.springframework.web.servlet.DispatcherServlet.doDispatch(DispatcherServlet.java:1089)
	at org.springframework.web.servlet.DispatcherServlet.doService(DispatcherServlet.java:979)
	at org.springframework.web.servlet.FrameworkServlet.processRequest(FrameworkServlet.java:1014)
	at org.springframework.web.servlet.FrameworkServlet.doGet(FrameworkServlet.java:903)
	at jakarta.servlet.http.HttpServlet.service(HttpServlet.java:564)
	at org.springframework.web.servlet.FrameworkServlet.service(FrameworkServlet.java:885)
	at jakarta.servlet.http.HttpServlet.service(HttpServlet.java:658)
	at org.apache.catalina.core.ApplicationFilterChain.internalDoFilter(ApplicationFilterChain.java:195)
	at org.apache.catalina.core.ApplicationFilterChain.doFilter(ApplicationFilterChain.java:140)
	at org.apache.tomcat.websocket.server.WsFilter.doFilter(WsFilter.java:51)
	at org.apache.catalina.core.ApplicationFilterChain.internalDoFilter(ApplicationFilterChain.java:164)
	at org.apache.catalina.core.ApplicationFilterChain.doFilter(ApplicationFilterChain.java:140)
	at org.springframework.web.filter.RequestContextFilter.doFilterInternal(RequestContextFilter.java:100)
	at org.springframework.web.filter.OncePerRequestFilter.doFilter(OncePerRequestFilter.java:116)
	at org.apache.catalina.core.ApplicationFilterChain.internalDoFilter(ApplicationFilterChain.java:164)
	at org.apache.catalina.core.ApplicationFilterChain.doFilter(ApplicationFilterChain.java:140)
	at org.springframework.web.filter.FormContentFilter.doFilterInternal(FormContentFilter.java:93)
	at org.springframework.web.filter.OncePerRequestFilter.doFilter(OncePerRequestFilter.java:116)
	at org.apache.catalina.core.ApplicationFilterChain.internalDoFilter(ApplicationFilterChain.java:164)
	at org.apache.catalina.core.ApplicationFilterChain.doFilter(ApplicationFilterChain.java:140)
	at org.springframework.web.filter.CharacterEncodingFilter.doFilterInternal(CharacterEncodingFilter.java:201)
	at org.springframework.web.filter.OncePerRequestFilter.doFilter(OncePerRequestFilter.java:116)
	at org.apache.catalina.core.ApplicationFilterChain.internalDoFilter(ApplicationFilterChain.java:164)
	at org.apache.catalina.core.ApplicationFilterChain.doFilter(ApplicationFilterChain.java:140)
	at org.apache.catalina.core.StandardWrapperValve.invoke(StandardWrapperValve.java:167)
	at org.apache.catalina.core.StandardContextValve.invoke(StandardContextValve.java:90)
	at org.apache.catalina.authenticator.AuthenticatorBase.invoke(AuthenticatorBase.java:483)
	at org.apache.catalina.core.StandardHostValve.invoke(StandardHostValve.java:115)
	at org.apache.catalina.valves.ErrorReportValve.invoke(ErrorReportValve.java:93)
	at org.apache.catalina.core.StandardEngineValve.invoke(StandardEngineValve.java:74)
	at org.apache.catalina.connector.CoyoteAdapter.service(CoyoteAdapter.java:344)
	at org.apache.coyote.http11.Http11Processor.service(Http11Processor.java:384)
	at org.apache.coyote.AbstractProcessorLight.process(AbstractProcessorLight.java:63)
	at org.apache.coyote.AbstractProtocol$ConnectionHandler.process(AbstractProtocol.java:905)
	at org.apache.tomcat.util.net.NioEndpoint$SocketProcessor.doRun(NioEndpoint.java:1741)
	at org.apache.tomcat.util.net.SocketProcessorBase.run(SocketProcessorBase.java:52)
	at org.apache.tomcat.util.threads.ThreadPoolExecutor.runWorker(ThreadPoolExecutor.java:1190)
	at org.apache.tomcat.util.threads.ThreadPoolExecutor$Worker.run(ThreadPoolExecutor.java:659)
	at org.apache.tomcat.util.threads.TaskThread$WrappingRunnable.run(TaskThread.java:63)
	at java.base/java.lang.Thread.run(Thread.java:1583)
Caused by: java.lang.NumberFormatException: For input string: "list"
	at java.base/java.lang.NumberFormatException.forInputString(NumberFormatException.java:67)
	at java.base/java.lang.Integer.parseInt(Integer.java:662)
	at java.base/java.lang.Integer.valueOf(Integer.java:989)
	at org.springframework.util.NumberUtils.parseNumber(NumberUtils.java:203)
	at org.springframework.beans.propertyeditors.CustomNumberEditor.setAsText(CustomNumberEditor.java:115)
	at org.springframework.beans.TypeConverterDelegate.doConvertTextValue(TypeConverterDelegate.java:439)
	at org.springframework.beans.TypeConverterDelegate.doConvertValue(TypeConverterDelegate.java:412)
	at org.springframework.beans.TypeConverterDelegate.convertIfNecessary(TypeConverterDelegate.java:161)
	at org.springframework.beans.TypeConverterSupport.convertIfNecessary(TypeConverterSupport.java:80)
	at org.springframework.beans.TypeConverterSupport.convertIfNecessary(TypeConverterSupport.java:53)
	at org.springframework.validation.DataBinder.convertIfNecessary(DataBinder.java:860)
	at org.springframework.web.method.annotation.AbstractNamedValueMethodArgumentResolver.convertIfNecessary(AbstractNamedValueMethodArgumentResolver.java:294)
	... 48 common frames omitted
2025-11-24 19:35:00.888 [http-nio-8080-exec-5] INFO  com.xuan.interceptor.TokenInterceptor-将ThreadLocal中的数据清空
2025-11-24 19:35:01.050 [http-nio-8080-exec-6] INFO  com.xuan.interceptor.TokenInterceptor-将ThreadLocal中的数据清空
2025-11-24 19:35:02.531 [http-nio-8080-exec-9] INFO  com.xuan.interceptor.TokenInterceptor-token验证成功，将用户信息保存到ThreadLocal中
2025-11-24 19:35:02.531 [http-nio-8080-exec-7] INFO  com.xuan.interceptor.TokenInterceptor-token验证成功，将用户信息保存到ThreadLocal中
2025-11-24 19:35:02.531 [http-nio-8080-exec-9] INFO  com.xuan.controller.ClazzController-查询全部班级信息
2025-11-24 19:35:02.531 [http-nio-8080-exec-7] INFO  com.xuan.controller.StudentController-分页查询学生:StudentQueryParam(page=1, pageSize=10, name=, gender=null, no=null, clazzId=null, degree=null, isCollege=null, begin=null, end=null)
2025-11-24 19:35:02.538 [http-nio-8080-exec-9] INFO  com.xuan.interceptor.TokenInterceptor-将ThreadLocal中的数据清空
2025-11-24 19:35:02.627 [http-nio-8080-exec-7] INFO  com.xuan.interceptor.TokenInterceptor-将ThreadLocal中的数据清空
2025-11-24 19:35:03.646 [http-nio-8080-exec-1] INFO  com.xuan.interceptor.TokenInterceptor-token验证成功，将用户信息保存到ThreadLocal中
2025-11-24 19:35:03.646 [http-nio-8080-exec-1] INFO  com.xuan.controller.DeptController-查询全部的部门数据
2025-11-24 19:35:03.656 [http-nio-8080-exec-1] INFO  com.xuan.interceptor.TokenInterceptor-将ThreadLocal中的数据清空
2025-11-24 19:35:04.060 [http-nio-8080-exec-2] INFO  com.xuan.interceptor.TokenInterceptor-token验证成功，将用户信息保存到ThreadLocal中
2025-11-24 19:35:04.062 [http-nio-8080-exec-10] INFO  com.xuan.interceptor.TokenInterceptor-token验证成功，将用户信息保存到ThreadLocal中
2025-11-24 19:35:04.064 [http-nio-8080-exec-10] INFO  com.xuan.controller.DeptController-查询全部的部门数据
2025-11-24 19:35:04.067 [http-nio-8080-exec-2] INFO  com.xuan.controller.EmpController-分页查询员工：EmpQueryParam(page=1, pageSize=10, name=, gender=null, begin=null, end=null)
2025-11-24 19:35:04.070 [http-nio-8080-exec-10] INFO  com.xuan.interceptor.TokenInterceptor-将ThreadLocal中的数据清空
2025-11-24 19:35:04.102 [http-nio-8080-exec-2] INFO  com.xuan.interceptor.TokenInterceptor-将ThreadLocal中的数据清空
2025-11-24 19:35:05.155 [http-nio-8080-exec-3] INFO  com.xuan.interceptor.TokenInterceptor-token验证成功，将用户信息保存到ThreadLocal中
2025-11-24 19:35:05.155 [http-nio-8080-exec-3] INFO  com.xuan.controller.ReportController-统计员工性别比例
2025-11-24 19:35:05.155 [http-nio-8080-exec-8] INFO  com.xuan.interceptor.TokenInterceptor-token验证成功，将用户信息保存到ThreadLocal中
2025-11-24 19:35:05.155 [http-nio-8080-exec-8] INFO  com.xuan.controller.ReportController-统计员工职位人数
2025-11-24 19:35:05.155 [http-nio-8080-exec-3] INFO  com.xuan.interceptor.TokenInterceptor-将ThreadLocal中的数据清空
2025-11-24 19:35:05.164 [http-nio-8080-exec-8] INFO  com.xuan.interceptor.TokenInterceptor-将ThreadLocal中的数据清空
2025-11-24 19:35:06.660 [http-nio-8080-exec-4] INFO  com.xuan.interceptor.TokenInterceptor-token验证成功，将用户信息保存到ThreadLocal中
2025-11-24 19:35:06.660 [http-nio-8080-exec-4] INFO  com.xuan.controller.EmpController-分页查询员工：EmpQueryParam(page=1, pageSize=10, name=, gender=null, begin=null, end=null)
2025-11-24 19:35:06.672 [http-nio-8080-exec-5] INFO  com.xuan.interceptor.TokenInterceptor-token验证成功，将用户信息保存到ThreadLocal中
2025-11-24 19:35:06.672 [http-nio-8080-exec-5] INFO  com.xuan.controller.DeptController-查询全部的部门数据
2025-11-24 19:35:06.672 [http-nio-8080-exec-4] INFO  com.xuan.interceptor.TokenInterceptor-将ThreadLocal中的数据清空
2025-11-24 19:35:06.672 [http-nio-8080-exec-5] INFO  com.xuan.interceptor.TokenInterceptor-将ThreadLocal中的数据清空
2025-11-24 19:35:07.822 [http-nio-8080-exec-6] INFO  com.xuan.interceptor.TokenInterceptor-token验证成功，将用户信息保存到ThreadLocal中
2025-11-24 19:35:07.822 [http-nio-8080-exec-6] INFO  com.xuan.controller.ReportController-统计员工职位人数
2025-11-24 19:35:07.832 [http-nio-8080-exec-6] INFO  com.xuan.interceptor.TokenInterceptor-将ThreadLocal中的数据清空
2025-11-24 19:35:07.842 [http-nio-8080-exec-9] INFO  com.xuan.interceptor.TokenInterceptor-token验证成功，将用户信息保存到ThreadLocal中
2025-11-24 19:35:07.842 [http-nio-8080-exec-9] INFO  com.xuan.controller.ReportController-统计员工性别比例
2025-11-24 19:35:07.842 [http-nio-8080-exec-9] INFO  com.xuan.interceptor.TokenInterceptor-将ThreadLocal中的数据清空
2025-11-24 19:35:08.381 [http-nio-8080-exec-7] INFO  com.xuan.interceptor.TokenInterceptor-token验证成功，将用户信息保存到ThreadLocal中
2025-11-24 19:35:08.381 [http-nio-8080-exec-7] INFO  com.xuan.controller.ReportController-班级人数统计
2025-11-24 19:35:08.381 [http-nio-8080-exec-1] INFO  com.xuan.interceptor.TokenInterceptor-token验证成功，将用户信息保存到ThreadLocal中
2025-11-24 19:35:08.381 [http-nio-8080-exec-1] INFO  com.xuan.controller.ReportController-统计学生的学历情况
2025-11-24 19:35:08.387 [http-nio-8080-exec-1] INFO  com.xuan.interceptor.TokenInterceptor-将ThreadLocal中的数据清空
2025-11-24 19:35:08.404 [http-nio-8080-exec-7] INFO  com.xuan.interceptor.TokenInterceptor-将ThreadLocal中的数据清空
2025-11-24 19:35:09.047 [http-nio-8080-exec-10] INFO  com.xuan.interceptor.TokenInterceptor-token验证成功，将用户信息保存到ThreadLocal中
2025-11-24 19:35:09.047 [http-nio-8080-exec-10] INFO  com.xuan.controller.OperateLogController-分页查询操作日志: page=1, pageSize=15
2025-11-24 19:35:09.073 [http-nio-8080-exec-10] INFO  com.xuan.interceptor.TokenInterceptor-将ThreadLocal中的数据清空
2025-11-24 19:35:17.009 [http-nio-8080-exec-2] INFO  com.xuan.interceptor.TokenInterceptor-token验证成功，将用户信息保存到ThreadLocal中
2025-11-24 19:35:17.009 [http-nio-8080-exec-2] INFO  com.xuan.controller.DeptController-查询全部的部门数据
2025-11-24 19:35:17.009 [http-nio-8080-exec-2] INFO  com.xuan.interceptor.TokenInterceptor-将ThreadLocal中的数据清空
2025-11-24 19:35:19.485 [http-nio-8080-exec-3] INFO  com.xuan.interceptor.TokenInterceptor-token验证成功，将用户信息保存到ThreadLocal中
2025-11-24 19:35:19.485 [http-nio-8080-exec-3] INFO  com.xuan.controller.OperateLogController-分页查询操作日志: page=1, pageSize=15
2025-11-24 19:35:19.495 [http-nio-8080-exec-3] INFO  com.xuan.interceptor.TokenInterceptor-将ThreadLocal中的数据清空
2025-11-24 19:35:28.120 [http-nio-8080-exec-4] INFO  com.xuan.interceptor.TokenInterceptor-token验证成功，将用户信息保存到ThreadLocal中
2025-11-24 19:35:28.120 [http-nio-8080-exec-8] INFO  com.xuan.interceptor.TokenInterceptor-token验证成功，将用户信息保存到ThreadLocal中
2025-11-24 19:35:28.121 [http-nio-8080-exec-4] INFO  com.xuan.controller.DeptController-查询全部的部门数据
2025-11-24 19:35:28.121 [http-nio-8080-exec-8] INFO  com.xuan.controller.EmpController-分页查询员工：EmpQueryParam(page=1, pageSize=10, name=, gender=null, begin=null, end=null)
2025-11-24 19:35:28.121 [http-nio-8080-exec-4] INFO  com.xuan.interceptor.TokenInterceptor-将ThreadLocal中的数据清空
2025-11-24 19:35:28.131 [http-nio-8080-exec-8] INFO  com.xuan.interceptor.TokenInterceptor-将ThreadLocal中的数据清空
2025-11-24 19:35:28.529 [http-nio-8080-exec-5] INFO  com.xuan.interceptor.TokenInterceptor-token验证成功，将用户信息保存到ThreadLocal中
2025-11-24 19:35:28.529 [http-nio-8080-exec-5] INFO  com.xuan.controller.DeptController-查询全部的部门数据
2025-11-24 19:35:28.529 [http-nio-8080-exec-5] INFO  com.xuan.interceptor.TokenInterceptor-将ThreadLocal中的数据清空
2025-11-24 19:35:32.737 [http-nio-8080-exec-6] INFO  com.xuan.interceptor.TokenInterceptor-token验证成功，将用户信息保存到ThreadLocal中
2025-11-24 19:35:32.747 [http-nio-8080-exec-6] INFO  com.xuan.controller.DeptController-添加的部门数据为:Dept(id=null, name=111, createTime=null, updateTime=null)
2025-11-24 19:35:32.763 [http-nio-8080-exec-6] INFO  com.xuan.aop.OperateLogAspect-记录操作日志:OperateLog(id=null, operateEmpId=2, operateEmpName=null, operateTime=2025-11-24T19:35:32.757100200, className=com.xuan.controller.DeptController, methodName=add, methodParams=[Dept(id=null, name=111, createTime=2025-11-24T19:35:32.747925500, updateTime=2025-11-24T19:35:32.747925500)], returnValue=Result(code=1, msg=success, data=null), costTime=10),总共耗费时间:10
2025-11-24 19:35:32.771 [http-nio-8080-exec-6] INFO  com.xuan.interceptor.TokenInterceptor-将ThreadLocal中的数据清空
2025-11-24 19:35:32.797 [http-nio-8080-exec-9] INFO  com.xuan.interceptor.TokenInterceptor-token验证成功，将用户信息保存到ThreadLocal中
2025-11-24 19:35:32.797 [http-nio-8080-exec-9] INFO  com.xuan.controller.DeptController-查询全部的部门数据
2025-11-24 19:35:32.804 [http-nio-8080-exec-9] INFO  com.xuan.interceptor.TokenInterceptor-将ThreadLocal中的数据清空
2025-11-24 19:35:33.621 [http-nio-8080-exec-1] INFO  com.xuan.interceptor.TokenInterceptor-token验证成功，将用户信息保存到ThreadLocal中
2025-11-24 19:35:33.621 [http-nio-8080-exec-1] INFO  com.xuan.controller.OperateLogController-分页查询操作日志: page=1, pageSize=15
2025-11-24 19:35:33.626 [http-nio-8080-exec-1] INFO  com.xuan.interceptor.TokenInterceptor-将ThreadLocal中的数据清空
